<?xml version="1.0" encoding="UTF-8"?>
<!-- Generated by org.testng.reporters.JUnitReportReporter -->
<testsuite skipped="0" hostname="DESKTOP-IUV45J7" name="mt.mstr.utility.CloseBrowser" tests="2" failures="0" timestamp="24 Apr 2019 06:52:14 GMT" time="0.247" errors="0">
  <testcase name="closeBrowser" time="0.148" classname="mt.mstr.utility.CloseBrowser"/>
  <testcase name="closeBrowser" time="0.099" classname="mt.mstr.utility.CloseBrowser"/>
</testsuite> <!-- mt.mstr.utility.CloseBrowser -->
