<?xml version="1.0" encoding="UTF-8"?>
<!-- Generated by org.testng.reporters.JUnitReportReporter -->
<testsuite skipped="0" hostname="DESKTOP-IUV45J7" name="mt.mstr.modules.Login" tests="2" failures="0" timestamp="24 Apr 2019 06:52:14 GMT" time="11.008" errors="0">
  <testcase name="ExecuteLoginwithinvalidds" time="2.492" classname="mt.mstr.modules.Login"/>
  <testcase name="ExecuteLoginwithvalidds" time="8.516" classname="mt.mstr.modules.Login"/>
</testsuite> <!-- mt.mstr.modules.Login -->
