<?xml version="1.0" encoding="UTF-8"?>
<!-- Generated by org.testng.reporters.JUnitReportReporter -->
<testsuite skipped="0" hostname="DESKTOP-IUV45J7" name="mt.mstr.modules.Launch" tests="2" failures="0" timestamp="24 Apr 2019 06:52:14 GMT" time="18.708" errors="0">
  <testcase name="ExecuteLaunch" time="7.698" classname="mt.mstr.modules.Launch"/>
  <testcase name="ExecuteLaunch" time="11.010" classname="mt.mstr.modules.Launch"/>
</testsuite> <!-- mt.mstr.modules.Launch -->
